<?xml version="1.0" encoding="UTF-8"?>
<testsuite name="Surefire test" failures="0" tests="4" time="0.462" errors="0">
  <properties/>
  <testcase name="shouldReturnNullIfNoScore" time="0.304" classname="com.champeau.ld.TestLangDetection"/>
  <testcase name="testScores" time="0.056" classname="com.champeau.ld.TestLangDetection"/>
  <testcase name="shouldFailRegisteringLanguage" time="0.0" classname="com.champeau.ld.TestLangDetection"/>
  <testcase name="shouldDetectLanguages" time="0.093" classname="com.champeau.ld.TestLangDetection"/>
</testsuite>
