<testng-results>
  <reporter-output>
  </reporter-output>
  <suite name="Surefire suite">
    <groups>
    </groups>
    <test name="Surefire test">
      <class name="com.champeau.ld.TestLangDetection">
        <test-method status="PASS" signature="shouldFailRegisteringLanguage()" name="shouldFailRegisteringLanguage" duration-ms="0" started-at="2016-11-22T13:34:13Z" finished-at="2016-11-22T13:34:13Z">
          <exception class="java.lang.IllegalStateException">
            <message>
              <![CDATA[Cannot add languages to Europarl detector once loaded]]>
            </message>
            <full-stacktrace>
              <![CDATA[java.lang.IllegalStateException: Cannot add languages to Europarl detector once loaded
	at me.champeau.ld.EuroparlDetector.register(EuroparlDetector.java:98)
	at com.champeau.ld.TestLangDetection.shouldFailRegisteringLanguage(TestLangDetection.java:106)
	at sun.reflect.NativeMethodAccessorImpl.invoke0(Native Method)
	at sun.reflect.NativeMethodAccessorImpl.invoke(NativeMethodAccessorImpl.java:62)
	at sun.reflect.DelegatingMethodAccessorImpl.invoke(DelegatingMethodAccessorImpl.java:43)
	at java.lang.reflect.Method.invoke(Method.java:498)
	at org.testng.internal.MethodHelper.invokeMethod(MethodHelper.java:580)
	at org.testng.internal.Invoker.invokeMethod(Invoker.java:478)
	at org.testng.internal.Invoker.invokeTestMethod(Invoker.java:607)
	at org.testng.internal.Invoker.invokeTestMethods(Invoker.java:874)
	at org.testng.internal.TestMethodWorker.invokeTestMethods(TestMethodWorker.java:125)
	at org.testng.internal.TestMethodWorker.run(TestMethodWorker.java:109)
	at org.testng.TestRunner.runWorkers(TestRunner.java:689)
	at org.testng.TestRunner.privateRun(TestRunner.java:566)
	at org.testng.TestRunner.run(TestRunner.java:466)
	at org.testng.SuiteRunner.runTest(SuiteRunner.java:301)
	at org.testng.SuiteRunner.runSequentially(SuiteRunner.java:296)
	at org.testng.SuiteRunner.privateRun(SuiteRunner.java:276)
	at org.testng.SuiteRunner.run(SuiteRunner.java:191)
	at org.testng.TestNG.createAndRunSuiteRunners(TestNG.java:808)
	at org.testng.TestNG.runSuitesLocally(TestNG.java:776)
	at org.testng.TestNG.run(TestNG.java:701)
	at org.apache.maven.surefire.testng.TestNGExecutor.run(TestNGExecutor.java:115)
	at org.apache.maven.surefire.testng.TestNGDirectoryTestSuite.executeSingleClass(TestNGDirectoryTestSuite.java:128)
	at org.apache.maven.surefire.testng.TestNGDirectoryTestSuite.execute(TestNGDirectoryTestSuite.java:112)
	at org.apache.maven.surefire.testng.TestNGProvider.invoke(TestNGProvider.java:112)
	at org.apache.maven.surefire.booter.ForkedBooter.invokeProviderInSameClassLoader(ForkedBooter.java:200)
	at org.apache.maven.surefire.booter.ForkedBooter.runSuitesInProcess(ForkedBooter.java:153)
	at org.apache.maven.surefire.booter.ForkedBooter.main(ForkedBooter.java:103)
]]>
            </full-stacktrace>
          </exception>
        </test-method>
        <test-method status="PASS" signature="shouldReturnNullIfNoScore()" name="shouldReturnNullIfNoScore" duration-ms="304" started-at="2016-11-22T13:34:12Z" finished-at="2016-11-22T13:34:13Z">
        </test-method>
        <test-method status="PASS" signature="testScores()" name="testScores" duration-ms="56" started-at="2016-11-22T13:34:13Z" finished-at="2016-11-22T13:34:13Z">
        </test-method>
        <test-method status="PASS" signature="shouldDetectLanguages()" name="shouldDetectLanguages" duration-ms="93" started-at="2016-11-22T13:34:13Z" finished-at="2016-11-22T13:34:13Z">
        </test-method>
      </class>
    </test>
  </suite>
</testng-results>
